IQ-TREE multicore version 1.5.2 for Linux 64-bit built Dec  3 2016
Copyright (c) 2011-2016 Nguyen Lam Tung, Olga Chernomor, Arndt von Haeseler and Bui Quang Minh.

Host:    dacelo (AVX2, FMA3, 503 GB RAM)
Command: /home/vtagliacollo/GitHub/PartitionUCE/processed_data/IQ-Tree/Crawford_2012/bin/iqtree-omp -s Crawford_2012.phy Crawford_2012.nex -b 100 -nt 10 -wba
Seed:    265756 (Using SPRNG - Scalable Parallel Random Number Generator)
Time:    Mon Jan  9 09:30:30 2017
Kernel:  AVX+FMA - 10 threads(56 CPU cores detected)

Reading alignment file Crawford_2012.phy ... Phylip format detected
Alignment most likely contains DNA/RNA sequences
WARNING: 322 sites contain only gaps or ambiguous characters.
Alignment has 10 sequences with 465241 columns and 19079 patterns (27844 informative sites)
                            Gap/Ambiguity  Composition  p-value
   1  anolis_carolinensis          11.76%    passed     28.24%
   2  homo_sapiens                  3.36%    failed      0.00%
   3  pantherophis_guttata          5.88%    passed     99.25%
   4  zebra_finch                   3.31%    passed     86.94%
   5  gallus_gallus                 3.40%    passed     95.17%
   6  alligator_mississippiensis    4.53%    failed      0.00%
   7  crocodylus_porosus           12.54%    failed      1.10%
   8  chrysemys_picta               5.17%    failed      0.00%
   9  pelomedusa_subrufa           24.47%    passed     13.49%
  10  sphenodon_tuatara            27.65%    failed      0.07%
****  TOTAL                        10.21%  5 sequences failed composition chi2 test (p-value<5%; df=3)
NOTE: minimal branch length is reduced to 0.000000214942 for long alignment

===> START BOOTSTRAP REPLICATE NUMBER 1

Creating bootstrap alignment (seed: 265756)...
Reading input tree file Crawford_2012.nex ...
nexus
begin sets;
	charset Subset1 = 72560-72616 1-50 271039-271102 19071-19192 32845-32933 352887-352965 73381-73455 56900-56998 159498-159547 282480-282562 140274-140330;
	charset Subset2 = 51-259 120604-120714 307017-307281;
	charset Subset3 = 179373-179584 327381-327501 260-376 368898-369014 314425-314524 54185-54238;
	charset Subset4 = 3949-4019 377-460 169052-169116 38017-38081 414279-414336 81979-82059 357821-357926 45376-45430;
	charset Subset5 = 122938-123109 408172-408281 223543-223735 425983-426206 47674-47793 5645-5736 80770-80944 438723-438820 451264-451541 65976-66145 461-540 417733-417977 297939-298220 116294-116475;
	charset Subset6 = 178494-178599 462641-462700 268031-268098 224042-224127 130682-130772 79827-79877 262511-262587 295470-295552 210238-210336 139883-140016 64694-64807 287371-287422 132420-132591 87166-87222 541-627;
	charset Subset7 = 196699-196769 217416-217466 628-679 240526-240645 363078-363228 234987-235036 169982-170122 221480-221631 408332-408391 79479-79534 156816-156873 402024-402098;
	charset Subset8 = 331250-331317 258648-258771 267887-268030 205054-205178 291592-291641 114271-114487 423846-424074 144352-144739 413745-413927 168637-169051 680-949 334467-334638 422374-422424 178786-179060 96962-97011 10561-10610 332404-332622;
	charset Subset9 = 950-1060 139147-139272 197454-197563 197846-197895 263154-263275 342036-342085;
	charset Subset10 = 90282-90568 187925-187991 1061-1298 304426-304722 408392-408442 390162-390276 380239-380290 416788-416860 118388-118599 312762-312889 224345-224548 87011-87165 119075-119295 182224-182495 425448-425763;
	charset Subset11 = 111562-111612 187137-187201 156410-156468 1299-1396;
	charset Subset12 = 348991-349040 401596-401654 441005-441068 277085-277165 443418-443499 431981-432063 56524-56583 1397-1474 310493-310549 320189-320238;
	charset Subset13 = 39061-39110 376509-376558 74203-74253 1475-1525;
	charset Subset14 = 325097-325243 371942-372241 450122-450393 73000-73320 225748-226120 14883-15168 286016-286348 335096-335362 420553-420754 1526-1673 6286-6581 126483-126712 136609-136922 232779-232928 218205-218502 78157-78206;
	charset Subset15 = 309249-309310 423796-423845 329738-329861 423746-423795 61210-61351 82882-82950 1674-1768;
	charset Subset16 = 393754-393912 419442-419539 71648-71697 411337-411394 318869-318961 75453-75502 1769-1907 73456-73555 283078-283161 127717-127768 395480-395614 412274-412400 436229-436281 425325-425447 233409-233475 340759-340817;
	charset Subset17 = 379130-379331 255598-255904 458397-458564 203757-203920 68034-68275 105830-106117 119550-119663 34347-34603 369855-370063 351777-352093 1908-2363 414337-414513 226346-226596;
	charset Subset18 = 447879-447973 372352-372485 2364-2413 384267-384372 301926-301987 219858-219909 290040-290098 176281-176347 141886-141939 298739-298788 52142-52268 87930-87979;
	charset Subset19 = 181728-181885 282750-282881 364245-364323 322996-323056 301988-302197 457185-457434 441069-441216 82614-82881 362215-362264 2414-2533 271103-271265 464183-464359 383304-383433;
	charset Subset20 = 45319-45375 450065-450121 255074-255123 202328-202409 49939-50059 2534-2604 149328-149412 167622-167692 127056-127111 68631-68693 20623-20674 347093-347142 229889-229944;
	charset Subset21 = 7565-7614 269575-269767 89114-89215 241307-241458 346559-346684 5468-5644 462990-463045 261225-261402 18139-18206 392396-392661 2605-2695 437597-437870;
	charset Subset22 = 332218-332285 320990-321048 203159-203211 209335-209392 327032-327089 257112-257175 119965-120081 132216-132265 2696-2787 292652-292765 305317-305373 283865-283940 118264-118387;
	charset Subset23 = 76739-76788 54239-54288 412663-412713 307361-307410 2788-3035 421761-421905 31289-31386 35272-35333 105115-105201 348160-348233 300348-300397 314766-314835;
	charset Subset24 = 3036-3143 386361-386621 290489-290676 297114-297299 277493-277767;
	charset Subset25 = 3144-3193 154347-154402 205694-205754 103285-103334 460112-460165 36034-36184 213882-213931;
	charset Subset26 = 403070-403444 98181-98449 420952-421289 454530-454764 3194-3340 460591-460908 12383-12544 307411-307697;
	charset Subset27 = 3341-3476 154253-154346 177753-177918 330309-330431 279197-279249 254833-255073 411202-411336 55990-56040 375648-375738 398264-398322 251610-251662 393532-393682;
	charset Subset28 = 301633-301875 61826-62141 74254-74529 151153-151353 77858-78024 444841-445041 56218-56403 3477-3812 4020-4184 234324-234527 79670-79826;
	charset Subset29 = 267681-267746 114207-114270 227035-227101 46561-46637 26263-26320 399606-399660 3813-3863 37578-37651 341493-341549 392662-392716;
	charset Subset30 = 380189-380238 80945-81037 14140-14244 233476-233530 3864-3948 180580-180724 389171-389597;
	charset Subset31 = 242424-242484 399434-399485 4185-4234 114662-114810 214606-214655 74530-74581 50726-50775 121957-122007 324729-324818;
	charset Subset32 = 447564-447692 4235-4284 369369-369435 374749-374798 313553-313608 301876-301925 7951-8000 331004-331053 242753-242852 130393-130447 438557-438672 187800-187924 194689-194964 320097-320188;
	charset Subset33 = 4285-4516 11681-11873 26371-26706 27464-27858 207877-207993 77746-77795;
	charset Subset34 = 314691-314765 4517-4568;
	charset Subset35 = 95357-95427 120554-120603 375065-375114 4569-4765 28107-28370 38380-38464;
	charset Subset36 = 306699-306796 4766-4819;
	charset Subset37 = 430359-430542 457535-458014 74582-74936 157993-158326 280288-280342 71698-71847 281202-281315 275213-275519 4820-5031 462543-462640 257405-257618;
	charset Subset38 = 5032-5179 454870-454933 124509-124634 337612-337778 315180-315259 149413-149671 183309-183373;
	charset Subset39 = 287074-287309 233146-233408 164039-164205 156160-156409 414564-414817 268788-269053 91249-91546 377826-378074 92068-92292 241187-241306 5180-5272 10006-10245 129646-129854 445161-445304 286481-286958 184766-184897 130448-130560 59437-59897 401377-401539 345175-345328 357148-357389;
	charset Subset40 = 334709-334849 5273-5467 279727-279795 414514-414563 148668-148892 122077-122218 128728-128782 272093-272161 348882-348990 254589-254643 78207-78266 324205-324363 137447-137665 206082-206148;
	charset Subset41 = 123110-123286 96241-96293 164206-164266 222593-222644 260391-260440 91996-92067 79878-79927 428911-429031 323712-323763 26321-26370 5737-5786 371892-371941 182790-182941 389114-389170;
	charset Subset42 = 136043-136212 241459-241599 276508-276612 133391-133496 5787-5874 109897-110047 389665-389731;
	charset Subset43 = 200700-200849 236647-236742 5875-6061 187202-187327 400917-401137 181282-181412;
	charset Subset44 = 248478-248527 309636-309707 218122-218204 67133-67184 217606-217673 408282-408331 360810-360859 312452-312513 327502-327569 6062-6111 172812-172934 240403-240525 299657-299904 117870-117919 433305-433365 239430-239608 416543-416592 262660-262761 153794-153855 98450-98531 68276-68331 147988-148052;
	charset Subset45 = 9119-9176 105672-105740 167064-167167 365155-365208 265014-265073 25898-25947 280545-280658 6112-6285;
	charset Subset46 = 22507-22583 400720-400808 381290-381365 368123-368177 6582-6640 9409-9573 344124-344209 82564-82613 65785-65975 148893-148942 331539-331588 377583-377634 361404-361453;
	charset Subset47 = 129587-129645 355910-355999 185531-185581 230723-230772 6641-6734 128380-128446 209284-209334 291160-291209 214656-214727;
	charset Subset48 = 350936-351171 317009-317117 228879-229119 10346-10560 117022-117246 272940-273071 397623-397754 161338-161644 353039-353315 6735-6978 101820-101948 412714-412764 359905-360408 305070-305316;
	charset Subset49 = 386793-386984 139503-139563 376949-377004 96294-96540 60394-60458 445482-445546 47364-47431 444530-444659 127548-127716 387304-387353 6979-7047;
	charset Subset50 = 161221-161270 344611-344703 330622-330671 171786-171835 110637-110692 328304-328356 402610-402662 430820-430902 397564-397622 7048-7151;
	charset Subset51 = 97632-97817 268149-268200 68481-68630 7152-7309 258822-258929 254463-254588 391560-391644 361190-361251 47133-47305;
	charset Subset52 = 432661-432710 90672-90778 340939-341048 319871-319942 98532-98604 397808-397857 175626-175756 141940-142003 395841-395914 162074-162123 384750-384836 7310-7433 400010-400067 81592-81666 95138-95206 224770-224854 336719-336778 163364-163436 76322-76380 227416-227488;
	charset Subset53 = 106118-106169 116021-116119 197277-197326 312089-312141 451211-451263 258086-258142 58191-58260 413928-414000 294941-295102 82951-83123 127334-127446 424574-424627 376188-376271 221632-221681 248763-248847 218503-218575 189671-189790 7434-7564 147072-147121;
	charset Subset54 = 7615-7950 211466-211616 38132-38234 199663-199760 321695-321914;
	charset Subset55 = 309311-309635 288881-289331 324437-324591 38082-38131 103806-103951 394006-394418 8001-8382 382134-382558 315310-315468 366683-366946 275733-275874;
	charset Subset56 = 410853-410907 19879-19974 131536-131585 92790-92847 264148-264201 8383-8438 100510-100656 238885-238934;
	charset Subset57 = 72008-72193 327688-327796 267299-267440 8439-8489 112964-113020 364634-364716 435444-435568 197564-197632 398621-398764 241064-241186;
	charset Subset58 = 8490-8745 229400-229888 317852-318133 291642-292002 384042-384266 128077-128379 456189-456556 44511-44849;
	charset Subset59 = 225533-225654 316304-316617 341550-341954 15298-15460 250453-250553 155520-155652 407499-407627 461160-461209 263891-264057 8746-8822;
	charset Subset60 = 256192-256254 367289-367362 293941-294035 60321-60393 117816-117869 158425-158676 392265-392345 157158-157239 382028-382083 58361-58410 194625-194688 13463-13512 283414-283480 143981-144131 190559-190610 8823-8875 308424-308490 341252-341419;
	charset Subset61 = 328240-328303 140608-140673 28461-28810 8876-9118 416861-417249 176398-176642;
	charset Subset62 = 41076-41151 244186-244359 100979-101044 345125-345174 61577-61666 373875-374023 189956-190080 104726-104775 9177-9226 405204-405363 374233-374315 284333-284416 169518-169567;
	charset Subset63 = 212735-212993 129193-129443 127769-127895 434480-434707 264613-264689 111163-111276 177919-178021 81259-81591 59295-59436 250929-251200 368178-368518 274191-274424 342086-342393 462701-462989 245010-245239 224945-225056 117920-118122 398323-398620 427686-427924 9227-9408;
	charset Subset64 = 125961-126227 296600-296678 107998-108130 67561-67610 9574-9706 224128-224178 441418-441593 270662-270864 120715-120774 166018-166074 325244-325324 204311-204360 121900-121956 462377-462426 418773-418822;
	charset Subset65 = 354011-354133 199761-199862 222138-222253 300456-300735 23275-23471 14090-14139 9707-9875 12607-12671;
	charset Subset66 = 49584-49650 264561-264612 39712-39776 392952-393001 28912-28968 107477-107547 190948-190997 61667-61751 9876-9927;
	charset Subset67 = 60798-60862 106170-106232 9928-10005;
	charset Subset68 = 334413-334466 340381-340470 10246-10295;
	charset Subset69 = 416733-416787 226179-226295 445649-445698 141046-141120 172759-172811 438821-438870 445042-445091 247009-247081 262209-262289 10296-10345 354945-355001;
	charset Subset70 = 296448-296525 387777-387945 327797-327846 423065-423121 209190-209283 265763-265843 144211-144351 336779-336861 406250-406306 284843-284924 10611-10715;
	charset Subset71 = 360860-361067 433432-433617 318244-318520 261403-261578 346685-347092 341049-341251 365209-365569 367520-367829 304723-304832 77047-77205 171339-171427 10716-10968 88096-88478;
	charset Subset72 = 275520-275569 269768-269926 10969-11121 49533-49583 364324-364386 284925-285030 284747-284842;
	charset Subset73 = 170123-170178 190895-190947 66146-66375 251976-252054 34604-34668 11122-11172 306902-306966 157536-157679 383908-383959 29659-29730 367830-367883 94949-94998;
	charset Subset74 = 296190-296447 238559-238834 50776-51089 412193-412273 54088-54184 11173-11490 77346-77745 64402-64621;
	charset Subset75 = 303961-304052 334070-334124 94070-94154 374799-374891 123769-123818 369764-369854 397222-397353 11491-11576 105741-105829 311606-311698 149739-149788 398201-398263 296526-296599 150187-150238 215471-215560 146916-147019 386255-386306 368569-368638 354621-354708;
	charset Subset76 = 226121-226178 315718-315865 213986-214150 328800-328862 340818-340938 300848-300921 155947-156159 309121-309248 211416-211465 171428-171500 174502-174823 11577-11680;
	charset Subset77 = 11874-12028 461864-461938 21147-21196 119498-119549 137388-137446 123573-123768 446660-446709 125782-125852 396222-396274 356484-356537 164579-164655 26978-27037 460541-460590;
	charset Subset78 = 273497-273601 244957-245009 12029-12083 325788-325873 201790-201844 65220-65284 235831-236029 43538-43650 114488-114661 93440-93489 257619-257698 119915-119964 178600-178662 220274-220387 125244-125394;
	charset Subset79 = 282563-282749 165346-165470 12084-12255 281316-281708 365747-366096 331318-331487 33436-33680 313748-313911 187992-188087 130092-130392 252055-252216;
	charset Subset80 = 25948-26009 261039-261106 39777-39826 307698-307758 415291-415431 12256-12332;
	charset Subset81 = 54549-54608 12333-12382 217552-217605 20675-20729 333302-333391 17725-17799 255905-255961 172168-172222 318134-318193 401138-401376 288235-288363 343726-343803;
	charset Subset82 = 83514-83563 222965-223014 301559-301632 12545-12606 234605-234666 324649-324728 387946-388056 56454-56523 138351-138419 463758-463807 75324-75452;
	charset Subset83 = 282882-282931 375115-375164 172075-172167 240062-240168 12672-12730 457064-457115 13413-13462 29503-29602 465192-465241;
	charset Subset84 = 20409-20622 454039-454098 286406-286480 12731-12976 167693-167939 23596-23884 292415-292651 434887-435131 177445-177667 45431-45743 396702-397113;
	charset Subset85 = 12977-13097 84656-84823 258980-259039 278699-278925 283481-283537 436146-436228 80120-80169 426990-427051;
	charset Subset86 = 380819-381185 13098-13412 276667-276999 252320-252649 224614-224769 24783-24963 343857-344073 362543-362948;
	charset Subset87 = 256453-256513 261107-261174 383434-383907 61352-61576 244360-244542 187655-187799 300922-301304 13513-13822 63263-63728 212075-212241 147122-147264 110848-111111 386985-387303 144791-145006 378155-378476 265446-265696 330672-330845;
	charset Subset88 = 260441-260558 13823-13894 380566-380664 369252-369310 173626-173688;
	charset Subset89 = 313609-313747 88914-89009 13895-13953 199863-200015 454480-454529;
	charset Subset90 = 14765-14828 442242-442458 414886-414948 13954-14089;
	charset Subset91 = 305438-305683 14245-14352 410908-411151 350479-350824 461260-461455 374892-375064 396040-396221 431692-431924 262290-262438 130773-131018 142360-142514 339697-339987 122008-122076 111277-111561 324819-324979;
	charset Subset92 = 295553-295634 203637-203756 14353-14454 222645-222830 180188-180307 293185-293250 31471-31656 53973-54037 379332-379383 349684-349823 458337-458396;
	charset Subset93 = 447086-447148 405841-406249 151354-151585 299243-299301 119714-119787 106729-106814 311113-311275 265074-265123 14455-14510 89890-90060 290099-290340 187427-187654 453780-453985 279440-279518 211180-211415 300099-300237 133989-134061 152548-152693 323366-323627;
	charset Subset94 = 329862-330083 98605-98736 374024-374232 186328-186634 381607-382027 327913-328239 109087-109319 436994-437380 14511-14764 329128-329514 328357-328731 18207-18296;
	charset Subset95 = 110243-110292 318773-318868 14829-14882 225057-225212 342993-343086 234911-234986 217007-217056;
	charset Subset96 = 418972-419216 297350-297413 442509-442573 223792-223841 312514-312683 52269-52319 230166-230227 162560-162620 108783-108886 15169-15247;
	charset Subset97 = 300736-300788 98787-98846 51518-51631 222067-222137 367415-367519 426940-426989 185789-185862 282013-282063 95660-95720 258930-258979 15248-15297 200650-200699;
	charset Subset98 = 32934-33232 179941-180187 190998-191267 444660-444787 217146-217415 418275-418507 113111-113312 15461-15858 320635-320837;
	charset Subset99 = 450502-450569 201287-201381 452369-452440 280726-280780 29263-29315 65413-65483 136923-136972 285964-286015 150910-150979 84161-84214 16202-16279 200597-200649 15859-15931;
	charset Subset100 = 402338-402515 197896-198148 453395-453729 263276-263539 159026-159444 199522-199662 15932-16151 264202-264510 162965-163311 446710-446954 439547-439811 321563-321694 122301-122697 57413-57810;
	charset Subset101 = 226597-226667 134786-134867 142245-142359 409568-409675 195406-195528 218720-218801 443038-443133 344704-344753 145059-145108 66670-66784 292766-292815 121375-121532 16152-16201 153386-153511;
	charset Subset102 = 311699-312024 391280-391509 384837-385015 450910-451157 369015-369251 16280-16506 69230-69546 338188-338508 95207-95306 286959-287023;
	charset Subset103 = 303067-303134 227746-227844 52421-52584 388342-388431 97012-97118 16507-16593 181413-181487 160905-160970 78267-78450 355274-355323 42856-42987 324364-324436 19726-19780;
	charset Subset104 = 377635-377706 452850-452935 294618-294667 181118-181231 16594-16684 342663-342712 163741-164038;
	charset Subset105 = 16685-16962 85242-85415 73321-73380 415048-415207 242176-242279 221293-221479 82136-82301 107681-107907 166462-166711 71160-71461 455993-456053;
	charset Subset106 = 396275-396412 371498-371578 16963-17040 424075-424139 48743-48831 441328-441417;
	charset Subset107 = 428587-428678 320516-320565 92719-92789 428329-428385 463474-463548 68979-69028 327847-327912 291417-291538 244116-244185 208973-209024 60235-60320 147417-147475 277818-277870 140674-140750 53314-53369 323284-323365 162490-162559 17041-17137 386307-386360 229333-229399 429905-429958 408704-408755 173763-173829 358847-358898 247782-247854 336612-336718 276417-276507 390656-390705 417978-418274 291539-291591 18523-18687 179061-179110 259925-260025 207371-207516 193100-193152 32458-32514;
	charset Subset108 = 278233-278351 356322-356483 438492-438556 457116-457184 414001-414145 58922-59000 393063-393174 93556-93890 17138-17275 104776-104883 347907-348159;
	charset Subset109 = 322039-322109 416682-416732 325376-325426 385122-385178 17276-17328 188638-188739 312890-313020 83857-83914 71911-72007;
	charset Subset110 = 78943-79081 324592-324648 43250-43325 44404-44510 53047-53256 122772-122937 361735-361924 51143-51211 17329-17447 193849-193933 37356-37577 64352-64401 67920-68033 391918-392010 40043-40120;
	charset Subset111 = 252830-253249 330167-330249 454934-455242 128528-128727 369570-369763 277166-277414 17448-17724 90779-91065 448024-448227;
	charset Subset112 = 56041-56090 226920-226969 404481-404560 434830-434886 278175-278232 442172-442241 17800-17855 420448-420552 367025-367082;
	charset Subset113 = 230002-230165 17856-18044 445305-445481 35848-35983 317225-317443 182942-183093;
	charset Subset114 = 184611-184671 185141-185200 59898-59956 18045-18138;
	charset Subset115 = 344074-344123 368519-368568 116540-116596 176348-176397 95088-95137 18297-18346 264744-264799;
	charset Subset116 = 36629-36678 255548-255597 192505-192602 134469-134522 268099-268148 70041-70103 36257-36323 18347-18396 186635-186684 459344-459406 463914-463963 80170-80221;
	charset Subset117 = 62604-62661 18397-18522 378712-378862 181939-182098 339252-339374 124457-124508 222414-222592 393683-393753 281801-282012 70664-70928 239228-239379;
	charset Subset118 = 142594-142742 18688-18761 197166-197276 191959-192017 277000-277084 177378-177444 174824-174914 299905-299954 106233-106284 443344-443417 147020-147071 257998-258085 312025-312088 35044-35093;
	charset Subset119 = 425118-425324 18762-19070 211003-211179 214783-215139 265697-265762 270865-270962;
	charset Subset120 = 173830-174202 186750-187041 134523-134714 345075-345124 310884-311112 19193-19458 306797-306901 424243-424573 123819-124010 55216-55554 211767-211818 238935-239096 143660-143980;
	charset Subset121 = 19459-19528 371842-371891 456054-456131 183701-183798 45744-45860 160502-160567;
	charset Subset122 = 150980-151152 170749-170822 396547-396630 320838-320989 370512-370624 128027-128076 293563-293643 202675-202821 22584-22642 376670-376746 413540-413594 19529-19725 62142-62191 85416-85465;
	charset Subset123 = 440821-441004 205755-206081 21298-21617 239609-240061 172333-172525 19781-19878;
	charset Subset124 = 376848-376898 431100-431223 326552-326601 161171-161220 283812-283864 241012-241063 134062-134245 103952-104002 308238-308287 19975-20182 101318-101368 213932-213985;
	charset Subset125 = 86102-86188 145598-145895 131299-131437 133551-133643 356272-356321 20183-20351;
	charset Subset126 = 20352-20408 201964-202013 26707-26756 441217-441268;
	charset Subset127 = 187042-187136 239168-239227 304366-304425 20730-20852 101045-101113 373046-373109 260786-260835 250872-250928 86259-86377 107075-107197 191905-191958;
	charset Subset128 = 209908-210237 232426-232524 458989-459078 404168-404480 20853-21096 99812-99861 341955-342035 256697-257111 234667-234910 153906-153961 236157-236335 315921-315983 185201-185305 452441-452623;
	charset Subset129 = 21097-21146 97352-97503 114156-114206 347143-347192 424950-424999 269054-269126 55874-55934 319943-319992 375946-375997;
	charset Subset130 = 200218-200357 376899-376948 425764-425843 417250-417301 21197-21297 140978-141045 52865-52986 411598-411724 442711-442793 388661-388719 149672-149738 353316-353365;
	charset Subset131 = 211901-212074 21618-21895 90219-90281 221178-221227 28811-28860 212242-212292 195016-195138 33295-33346 30959-31044 303849-303960 337242-337332;
	charset Subset132 = 375998-376187 141573-141885 21896-22015 331589-331828 169637-169981 31045-31235 247855-248268 273602-273943 335955-336012 442794-442953;
	charset Subset133 = 22016-22178 363949-363998 237367-237428 334982-335042 384651-384749 202410-202562 57811-57860 69890-69939;
	charset Subset134 = 22179-22228 376559-376669 355819-355909 407431-407498;
	charset Subset135 = 22229-22506 301509-301558;
	charset Subset136 = 106582-106728 22643-22697;
	charset Subset137 = 231918-231967 172935-173204 373388-373765 29731-30019 377392-377582 22698-22985 371330-371427;
	charset Subset138 = 22986-23062 362460-362542 417683-417732 428859-428910 292280-292414;
	charset Subset139 = 317802-317851 23063-23274 325427-325787 108351-108442 410232-410375;
	charset Subset140 = 338669-338866 359305-359388 243709-243862 436893-436943 70929-71159 133644-133696 404012-404061 23472-23523 407742-407799 36750-36820 427116-427525 405364-405518;
	charset Subset141 = 410450-410510 406702-406779 387354-387562 23524-23595 126713-126829 353717-353778 378535-378711 206979-207161 186685-186749 170823-170872 132934-133030 94496-94593;
	charset Subset142 = 101268-101317 23885-24038 127003-127055 272847-272939 68332-68480 260836-260893 129444-129529 172526-172592;
	charset Subset143 = 265844-266042 350875-350935 436282-436438 24039-24205 397354-397510 126830-127002 285031-285395 80222-80545 146409-146915 116120-116187 356000-356162;
	charset Subset144 = 117323-117764 181886-181938 112242-112299 406652-406701 24206-24309 212994-213057 335043-335095;
	charset Subset145 = 423006-423064 419819-419891 192603-192671 231968-232055 44284-44348 24310-24384 30020-30089 144740-144790 136482-136531 457485-457534 285848-285897;
	charset Subset146 = 45861-46095 78685-78782 69940-69990 424790-424949 413188-413309 365694-365746 24385-24500 306598-306647 441874-441932;
	charset Subset147 = 464360-464495 227358-227415 230773-230998 421906-422323 279866-280287 197633-197845 231576-231917 183905-184269 445547-445648 25597-25897 314168-314424 155653-155887 67611-67711 357541-357820 24501-24727;
	charset Subset148 = 67712-67919 43920-44073 39464-39570 378477-378534 99527-99668 175127-175181 397114-397221 24728-24782;
	charset Subset149 = 461210-461259 24964-25018;
	charset Subset150 = 343804-343856 264690-264743 202822-202871 426207-426292 109037-109086 400471-400539 437381-437432 142173-142244 25019-25070 288830-288880 401540-401595 365570-365643 283162-283225 90165-90218 181232-181281 150440-150489 353667-353716 458270-458336;
	charset Subset151 = 87223-87414 347726-347906 25071-25455 377707-377825 388432-388660 419540-419818 248848-249127 83564-83793;
	charset Subset152 = 120945-121094 25456-25505 41965-42021 269127-269176;
	charset Subset153 = 258420-258594 192340-192433 25506-25596 426670-426719 326664-327031;
	charset Subset154 = 393320-393474 30090-30429 26010-26200 215561-215764 47555-47623 140108-140273 337333-337611 257699-257997 166157-166265 284417-284746 322110-322343 209393-209742 348678-348881 140751-140977 285396-285847;
	charset Subset155 = 145987-146049 361068-361119 438319-438491 369311-369368 131249-131298 193635-193755 207243-207370 155291-155466 218853-218935 345329-345416 26201-26262 91823-91995 119448-119497 412018-412192;
	charset Subset156 = 26757-26835 436795-436892 36679-36749 461592-461758 419355-419441 354224-354558 96593-96717 271814-272033 450570-450686 37025-37111 388770-389113;
	charset Subset157 = 48334-48472 26836-26919 183094-183179 34279-34346 178663-178785 238165-238220 178072-178190 100160-100209 53257-53313 228226-228277 96032-96112;
	charset Subset158 = 26920-26977;
	charset Subset159 = 235037-235428 32515-32705 228278-228485 75092-75323 443901-444348 274837-275075 318962-319112 27038-27413 189315-189610 353366-353666 184337-184610 136263-136481 260559-260708 127447-127547;
	charset Subset160 = 27414-27463;
	charset Subset161 = 88651-88913 31387-31470 103107-103211 461759-461863 47432-47554 134868-134980 27859-27954 348541-348677 308870-309120 219337-219711 378989-379129 322475-322811 78783-78942 157680-157814 43651-43866 202563-202674;
	charset Subset162 = 305734-305783 27955-28004;
	charset Subset163 = 28005-28106;
	charset Subset164 = 55935-55989 44850-44921 265346-265395 84215-84276 308491-308540 434708-434773 28371-28460 460909-460958 266724-266773 132592-132810 37112-37186 297035-297113 393002-393062;
	charset Subset165 = 137954-138032 28861-28911 313305-313359 262762-262811 275960-276009;
	charset Subset166 = 28969-29262 337898-338128 46638-47056 380359-380565 395034-395479 288364-288692 104884-105114 442661-442710;
	charset Subset167 = 344754-345074 175055-175126 94006-94069 110348-110636 282932-283077 29316-29502 142004-142172 426346-426487;
	charset Subset168 = 216892-217006 29603-29658 249263-249717 36386-36558;
	charset Subset169 = 30430-30482 116476-116539 402961-403011 339588-339646 385577-385661 459079-459138 437977-438030 69547-69753 51785-51877 304900-304949;
	charset Subset170 = 72617-72916 129855-129986 167940-168144 103505-103805 60863-60962 331200-331249 30483-30539 432711-432823;
	charset Subset171 = 30540-30605 286349-286405 210337-210456 234528-234604;
	charset Subset172 = 333030-333301 72194-72416 196333-196698 41152-41313 266214-266632 260894-261038 63835-64193 410511-410774 245305-245742 40228-40620 94594-94898 366097-366164 30606-30958 32706-32794 125475-125650 50060-50287;
	charset Subset173 = 339167-339251 313996-314049 174203-174304 418823-418921 254044-254109 31236-31288 413130-413187 84605-84655 390706-390818 180725-180854 193415-193477 218038-218121 138622-138737 200850-200924 58101-58190 55050-55134 99308-99393 184270-184336;
	charset Subset174 = 435735-435784 95595-95659 362949-363019 74149-74202 94155-94231 97504-97631 372820-372869 434206-434479 352094-352156 31657-31942 325046-325096 238497-238558;
	charset Subset175 = 31943-32071 456691-456749;
	charset Subset176 = 452227-452368 32072-32126 81038-81107 189189-189264;
	charset Subset177 = 343447-343725 404972-405139 32127-32192 406362-406651 44074-44283 201382-201721 170447-170748 161740-162073 230286-230671 208767-208911 37187-37355 402663-402960;
	charset Subset178 = 312684-312761 32193-32457 333858-334069 86818-87010 364767-365057 142743-143168 270063-270162 35334-35657 48473-48692 112568-112963 432310-432470 54289-54362;
	charset Subset179 = 42182-42246 90569-90671 221228-221292 32795-32844 451843-451938 140017-140107 120217-120270 36324-36385 150795-150909;
	charset Subset180 = 136213-136262 118183-118263 204757-204841 152794-152846 274425-274495 437433-437596 280659-280725 33233-33294 357927-358010 345609-345662 352509-352575;
	charset Subset181 = 464605-464741 400809-400916 297464-297888 318629-318772 33347-33435 375739-375891 192018-192285 148943-149243;
	charset Subset182 = 245866-246015 211617-211716 191268-191539 33681-33884 162902-162964 399056-399105 241913-241969 206149-206213 230672-230722 293422-293562;
	charset Subset183 = 370270-370371 238282-238430 33885-34212 371093-371329 363229-363564 374621-374748 262588-262659 336013-336372 386622-386792 60963-61209 115543-115962;
	charset Subset184 = 34213-34278 433366-433431 124391-124456 266097-266213 346442-346558 328732-328799 220854-220911 315469-315539 207827-207876;
	charset Subset185 = 138420-138472 34669-34736 76993-77046 264511-264560 308726-308775;
	charset Subset186 = 66472-66547 143338-143597 399106-399433 157240-157483 193153-193414 282217-282427 352576-352748 447149-447198 144132-144210 261872-262122 413411-413539 180398-180579 342713-342992 406780-406984 149789-150136 195669-196037 34737-34993;
	charset Subset187 = 153324-153385 427526-427685 279112-279196 34994-35043 160750-160904 183799-183848 382084-382133;
	charset Subset188 = 167230-167514 363565-363885 216321-216576 320239-320515 53370-53711 35094-35221;
	charset Subset189 = 332286-332403 302983-303066 224549-224613 163677-163740 281709-281800 358011-358096 35222-35271 410067-410231 134981-135236 385881-385992 357390-357439;
	charset Subset190 = 311533-311605 35658-35757 38235-38304;
	charset Subset191 = 35758-35847;
	charset Subset192 = 388292-388341 406307-406361 342601-342662 104429-104510 403445-403537 326124-326179 35984-36033 72917-72999 259513-259562 208298-208361 78100-78156 86681-86817 122698-122771 91547-91596 192286-192339 62732-62799 373312-373387;
	charset Subset193 = 283941-284281 202064-202327 36185-36256 388057-388291 430009-430244 312142-312451 303135-303533 164730-165178 412959-413129;
	charset Subset194 = 36559-36628;
	charset Subset195 = 78025-78099 377311-377391 36821-36871;
	charset Subset196 = 319113-319262 416181-416230 439812-439861 313360-313409 105382-105617 196038-196269 116188-116242 38766-38870 242334-242423 272567-272616 421540-421710 36872-37024;
	charset Subset197 = 48901-49140 146050-146339 463139-463473 37652-38016 309763-310005 128866-129133 247459-247781 243863-244115 435182-435377 224179-224344 89629-89889 92426-92718 150490-150794 327090-327380 183849-183904 203262-203553;
	charset Subset198 = 199432-199521 38305-38379;
	charset Subset199 = 111981-112241 305374-305437 408756-409057 274496-274694 373816-373874 130561-130681 38465-38765 287777-287836 120082-120216 342551-342600 234121-234249 147928-147987 371579-371841;
	charset Subset200 = 38871-39060 172593-172758;
	charset Subset201 = 464555-464604 157484-157535 39111-39183 262439-262510 405674-405766 93891-93955 179306-179372 334284-334412 272034-272092 203212-203261 58411-58632 265396-265445 94416-94495 125651-125781 440068-440144 400657-400719 451158-451210 64194-64351 266633-266723 135870-136042 304833-304899 213135-213296;
	charset Subset202 = 339375-339587 138033-138277 191625-191904 178191-178493 233531-233783 39184-39399 96163-96240 346211-346441 319993-320096 432896-433304 86378-86680;
	charset Subset203 = 347504-347659 122219-122300 370114-370269 431391-431534 340578-340627 383254-383303 370372-370511 39400-39463 211819-211900 440770-440820 378863-378988 315540-315589;
	charset Subset204 = 111843-111980 259106-259512 39571-39711 302595-302852;
	charset Subset205 = 280422-280544 334125-334283 39827-40042 204081-204180;
	charset Subset206 = 275570-275732 375892-375945 40121-40177 177210-177377 458620-458674 82302-82563 135591-135645 189265-189314 317175-317224 231050-231239 98056-98180 462321-462376 324063-324204 112491-112567 41314-41513 310006-310079 216096-216153 109320-109369 206887-206978 192725-193099 232321-232370;
	charset Subset207 = 385016-385121 40178-40227 445699-445748;
	charset Subset208 = 88479-88650 40621-40853 314050-314167 316885-317008;
	charset Subset209 = 40854-41010;
	charset Subset210 = 316674-316884 270163-270218 41011-41075 137748-137797 134419-134468 298221-298393;
	charset Subset211 = 133697-133922 345663-345953 317444-317672 41514-41902 389732-389820 48010-48059;
	charset Subset212 = 41903-41964 77206-77260 350825-350874 432824-432895 185863-185958 89553-89628 180308-180397 182705-182789;
	charset Subset213 = 42022-42181 145896-145986 211717-211766 404822-404971 424190-424242;
	charset Subset214 = 214332-214605 240646-241011 163437-163676 42645-42805 190131-190558 287837-288085 387563-387776 145159-145546 407853-407973 397858-398081 42247-42526 218936-219212 401655-402023;
	charset Subset215 = 42527-42644;
	charset Subset216 = 351314-351654 132266-132419 42806-42855 271333-271420 227102-227357 208362-208655 456557-456690 150239-150439 46284-46423 225213-225481 112300-112490 202872-203158 167515-167564 430903-431099 223377-223430;
	charset Subset217 = 291210-291416 210457-210790 236900-237297 428386-428523 350330-350478 65285-65412 42988-43151 367083-367288;
	charset Subset218 = 221682-221734 43152-43249;
	charset Subset219 = 43326-43456 56584-56899 359600-359804 409676-410066 113737-113832 336509-336611 310638-310778 96776-96961 418646-418772 359006-359304 94999-95087 85466-85556;
	charset Subset220 = 154854-155124 433618-433772 171836-171909 295708-295785 202014-202063 70104-70217 250096-250152 43457-43537;
	charset Subset221 = 340471-340520 43867-43919 258772-258821;
	charset Subset222 = 282064-282216 165649-165797 141472-141572 433773-433829 282428-282479 148594-148667 94899-94948 92376-92425 129987-130036 430543-430743 275875-275959 388720-388769 152744-152793 62662-62731 275129-275212 404711-404821 89010-89113 409058-409109 44349-44403 393234-393319 203921-204026 430295-430358 287310-287370;
	charset Subset223 = 44922-45007 141121-141312 55622-55732 138473-138571 207994-208297 126354-126482 162621-162786 306137-306235;
	charset Subset224 = 55555-55621 461456-461529 216244-216320 356215-356271 235429-235481 173205-173354 132152-132215 390098-390161 198860-198951 215140-215232 45008-45103 166266-166411;
	charset Subset225 = 131438-131535 422324-422373 151586-151637 368035-368122 50652-50725 222304-222413 45104-45265 215835-215975 397755-397807 330846-331003 359805-359854 273072-273172;
	charset Subset226 = 301356-301508 250153-250394 45266-45318 181607-181727 390277-390379 52320-52420 71848-71910 335485-335784 92960-93180;
	charset Subset227 = 46096-46147;
	charset Subset228 = 46148-46223 88046-88095;
	charset Subset229 = 306236-306300 46224-46283 131846-131895 458565-458619;
	charset Subset230 = 453986-454038 449617-449694 356750-356799 273944-274044 329659-329737 46424-46495;
	charset Subset231 = 162429-162489 73833-74148 268201-268500 160568-160749 355324-355818 364387-364633 303617-303848 165798-166017 276010-276416 46496-46560 237429-237606 213670-213881 438942-439183 118712-119074;
	charset Subset232 = 47057-47132 451542-451612 145547-145597 240169-240229 124011-124066 431925-431980 292003-292052 195139-195226 129134-129192 247358-247458 371428-371497 435785-435985 390380-390429 119664-119713;
	charset Subset233 = 392088-392264 47306-47363 358517-358735 273233-273446 442459-442508 277921-278174 379384-379528 103403-103504;
	charset Subset234 = 156743-156815 96541-96592 454765-454814 254413-254462 397511-397563 421290-421432 362399-362459 152189-152238 318579-318628 47624-47673 461530-461591 333565-333711 120271-120348 85981-86101 268501-268787 183374-183431 279519-279585 421711-421760 48832-48900 131896-131958 76540-76674 77796-77857 176703-176797 54038-54087 284282-284332 184672-184765 427925-428031 83794-83856;
	charset Subset235 = 108494-108702 76789-76992 47794-48009 339056-339166 87415-87511 407342-407430 323628-323711 251201-251262 363886-363948 51212-51467 358736-358846;
	charset Subset236 = 278926-279111 344210-344610 464942-465191 53767-53972 127261-127333 69991-70040 272617-272796 236030-236156 438031-438172 392011-392087 48060-48274;
	charset Subset237 = 48275-48333 102857-102932 210791-210840;
	charset Subset238 = 71462-71597 290773-290822 219213-219336 449695-449773 366633-366682 183491-183700 52782-52864 352966-353038 330084-330166 92293-92375 162787-162901 302853-302982 252769-252829 378075-378154 48693-48742 109836-109896;
	charset Subset239 = 418596-418645 49141-49193 435132-435181 96718-96775 252217-252266;
	charset Subset240 = 399661-400009 87598-87929 353779-354010 176124-176280 255962-256191 314525-314690 97119-97351 294542-294617 49194-49532 180855-181117 83174-83513;
	charset Subset241 = 463964-464132 349041-349134 135237-135590 105202-105295 377005-377310 390493-390655 419945-420334 243434-243596 379795-380188 179585-179816 121666-121899 242485-242752 124983-125243 49651-49938 160154-160437 176798-176927 389821-390097 190668-190894 62192-62603 321140-321562;
	charset Subset242 = 374571-374620 423122-423203 346144-346210 50288-50395;
	charset Subset243 = 50396-50455 166803-166890 443792-443848;
	charset Subset244 = 113833-113917 410376-410449 100210-100285 271756-271813 50456-50570 298789-298961;
	charset Subset245 = 279250-279439 304950-305069 292816-292991 451663-451842 458675-458912 50571-50651 255124-255474 381366-381556 390819-390932 132811-132933 449774-450064;
	charset Subset246 = 330250-330308 177065-177159 51090-51142 307759-307831 415594-415703 451613-451662 428277-428328 167168-167229;
	charset Subset247 = 51468-51517 199130-199360 448228-448320 115963-116020 118650-118711 407974-408096;
	charset Subset248 = 55783-55873 54666-54852 296679-297034 134246-134418 223015-223376 51632-51784 395615-395840 198952-199047;
	charset Subset249 = 51878-52091;
	charset Subset250 = 394976-395033 429032-429130 52092-52141 332623-332681 332977-333029;
	charset Subset251 = 355198-355273 165471-165648 236336-236385 228486-228771 350255-350329 52585-52702;
	charset Subset252 = 52703-52781 441818-441873 446228-446609 356800-357147 249827-250042 217674-218037 321915-322038;
	charset Subset253 = 52987-53046 427052-427115 418922-418971 159445-159497;
	charset Subset254 = 169200-169467 85557-85629 53712-53766;
	charset Subset255 = 194311-194624 436439-436741 54363-54548 449259-449616 110776-110847 84880-85083;
	charset Subset256 = 253591-253673 288693-288829 405767-405840 272162-272216 56091-56217 74992-75041 437871-437976 248427-248477 102017-102092 375165-375215 54609-54665;
	charset Subset257 = 54853-55049 272797-272846 308288-308423 98916-99307 70284-70577;
	charset Subset258 = 338129-338187 133031-133166 158935-159025 55135-55215 453271-453324 366165-366306 196270-196332;
	charset Subset259 = 208717-208766 117247-117322 400274-400470 206492-206677 55733-55782 222254-222303 91199-91248 394469-394601 252267-252319 120775-120824 248269-248426;
	charset Subset260 = 440495-440544 317118-317174 365058-365154 56404-56453;
	charset Subset261 = 160971-161170 420895-420951 173415-173625 463549-463757 142515-142593 213058-213134 433830-434125 56999-57208;
	charset Subset262 = 294359-294541 152107-152188 276613-276666 303534-303616 394849-394911 57209-57351 439184-439291 349621-349683 232371-232425 264058-264147 138278-138350 102606-102662 79535-79669;
	charset Subset263 = 137666-137747 440145-440212 129530-129586 57352-57412 194229-194310 411947-412017 289425-289474 270219-270285 322344-322424 329590-329658;
	charset Subset264 = 363999-364055 108703-108782 57861-57985 275076-275128 108938-109036 376272-376508;
	charset Subset265 = 109370-109493 164267-164335 118600-118649 457435-457484 343303-343371 195529-195668 57986-58100 139089-139146 146340-146408 231512-231575 98737-98786 190611-190667 315260-315309 191540-191624 113313-113392;
	charset Subset266 = 151638-152106 58261-58360 248528-248671 207517-207725 422720-423005 235619-235830;
	charset Subset267 = 395915-396039 363020-363077 58633-58687 277415-277492;
	charset Subset268 = 242853-242966 58688-58871 354895-354944 79082-79401 420755-420816 216802-216891 307282-307360;
	charset Subset269 = 115103-115337 410775-410852 399486-399605 228772-228878 358899-359005 307832-307932 113393-113478 419217-419354 143226-143275 58872-58921 443849-443900 453107-453270 260709-260785 381186-381289;
	charset Subset270 = 205391-205637 412401-412662 59001-59239 454430-454479 435986-436145 227845-228173 440213-440494;
	charset Subset271 = 104003-104185 124920-124982 128447-128527 460166-460287 458015-458091 143169-143225 59240-59294 352426-352508 407800-407852 107548-107680 295786-295839;
	charset Subset272 = 115338-115542 229120-229332 193984-194228 170873-171286 231240-231412 455635-455933 152349-152547 204181-204310 431535-431691 416593-416681 59957-60234;
	charset Subset273 = 307933-308237 60459-60797 250554-250816 348234-348407 367884-368034 407096-407341 76122-76321 283538-283811;
	charset Subset274 = 61752-61825 331488-331538 137086-137135 429959-430008 108443-108493;
	charset Subset275 = 448885-449013 314836-315179 147476-147927 400068-400273 415762-416180 298962-299136 370625-371037 100286-100459 227489-227745 360623-360759 300238-300347 119296-119447 66785-67075 246016-246437 182496-182704 62800-63212;
	charset Subset276 = 63213-63262 243384-243433;
	charset Subset277 = 262123-262208 385513-385576 110293-110347 256328-256452 271559-271755 362092-362214 306069-306136 123287-123385 63729-63780 184898-185140;
	charset Subset278 = 299193-299242 63781-63834 365644-365693 449146-449195 325325-325375 351172-351221 463046-463138 125395-125474;
	charset Subset279 = 165235-165345 439344-439546 456132-456188 200925-200974 449014-449145 64622-64693 124067-124332 162124-162428 444349-444398 66376-66471 331879-332217 439987-440067 158677-158934 169117-169199 354134-354223 261579-261821;
	charset Subset280 = 103335-103402 403597-404011 455366-455634 342444-342550 267074-267248 102933-103106 195227-195405 90061-90164 456750-457063 64808-65219 385179-385512 347193-347503;
	charset Subset281 = 110048-110242 65484-65784 414818-414885 293644-293940 103212-103284 106285-106581 326180-326310 434774-434829 154403-154853 156874-157069 298394-298687 92848-92959 138738-139088 333782-333857;
	charset Subset282 = 66548-66616 274747-274836 271421-271558;
	charset Subset283 = 409460-409517 323764-323881 66617-66669 155125-155290;
	charset Subset284 = 67076-67132 327570-327687 459407-459459 124635-124919 107198-107476 443500-443791 105618-105671 447693-447878 288086-288234;
	charset Subset285 = 156469-156742 422425-422665 368639-368897 262812-263103 153962-154252 67185-67560 75503-75809;
	charset Subset286 = 359855-359904 455309-455365 206407-206491 330530-330621 333712-333781 68694-68761;
	charset Subset287 = 251735-251919 408443-408703 68762-68978 396413-396546 267441-267680 254110-254359 100657-100978 414146-414278;
	charset Subset288 = 167565-167621 352749-352886 214151-214200 69029-69108;
	charset Subset289 = 226296-226345 77261-77345 69109-69229 91117-91198 246504-246563;
	charset Subset290 = 69754-69889 384373-384650 207162-207242 206214-206406 119788-119914 394602-394848 278352-278698 120825-120944 213297-213617 260082-260390;
	charset Subset291 = 225655-225747 70218-70283;
	charset Subset292 = 70578-70663 308776-308869 335885-335954 310779-310828 173355-173414;
	charset Subset293 = 442954-443037 359500-359599 403012-403069 426293-426345 71598-71647 416231-416321;
	charset Subset294 = 341420-341492 415704-415761 72417-72559 213618-213669 281152-281201 198377-198707;
	charset Subset295 = 299302-299656 441594-441817 161271-161337 223842-224041 159632-159979 183180-183308 73556-73765 447199-447563 358097-358516 305784-306068 168145-168473 121217-121374 361925-362091 109494-109835 164336-164578 104186-104301 200975-201205 200358-200596;
	charset Subset296 = 424140-424189 174449-174501 73766-73832;
	charset Subset297 = 75042-75091 74937-74991 351222-351313 257176-257262;
	charset Subset298 = 75810-75909 334639-334708 163312-163363 100460-100509 287024-287073 217057-217145;
	charset Subset299 = 75910-75959 464742-464862 113021-113110 225482-225532;
	charset Subset300 = 75960-76121 428032-428151 352227-352425 459732-460111 338867-339055 93956-94005 93490-93555 118123-118182 463808-463913 203554-203636;
	charset Subset301 = 304053-304365 76381-76539 226668-226919 385662-385880;
	charset Subset302 = 253674-253825 133167-133390 411448-411597 398082-398200 76675-76738 336862-337241;
	charset Subset303 = 285898-285963 78451-78634 398765-398927 340283-340380 279796-279865 170179-170373;
	charset Subset304 = 266950-267002 78635-78684 423512-423580 342394-342443 305684-305733 183432-183490 414949-415047 459460-459509 198149-198198 428524-428586 80601-80769 393175-393233 417589-417682 379730-379794 87512-87597;
	charset Subset305 = 79402-79478;
	charset Subset306 = 272217-272566 313021-313304 361454-361684 79928-80119 221735-222066 174305-174398 356538-356749 215976-216095;
	charset Subset307 = 166712-166802 251663-251734 80546-80600 133923-133988 274695-274746 175945-175994 81108-81258;
	charset Subset308 = 461939-462320 81667-81978 345510-345608;
	charset Subset309 = 226970-227034 232929-232984 438673-438722 229945-230001 239097-239167 82060-82135 370064-370113 299137-299192;
	charset Subset310 = 383170-383253 83124-83173;
	charset Subset311 = 83915-84160 299955-300098 235532-235618 253314-253513 126228-126353 246564-246697;
	charset Subset312 = 322812-322995 84277-84604 302403-302594 219712-219857 267003-267073 181488-181606 220606-220853 361120-361189 85705-85980 175283-175537 409110-409345;
	charset Subset313 = 84824-84879;
	charset Subset314 = 254644-254693 297889-297938 199361-199431 85084-85241;
	charset Subset315 = 261822-261871 85630-85704;
	charset Subset316 = 236743-236899 366947-367024 351655-351776 391110-391181 322425-322474 86189-86258 381557-381606 315866-315920 289971-290039 87980-88045;
	charset Subset317 = 99719-99811 89216-89502 251372-251609 439862-439986 306301-306597 120349-120502 204842-205053 111613-111842;
	charset Subset318 = 89503-89552 104302-104428 323233-323283 409346-409459 208912-208972;
	charset Subset319 = 306648-306698 232729-232778 166075-166156 267249-267298 91066-91116 116243-116293;
	charset Subset320 = 462427-462542 424628-424789 421433-421539 440545-440713 247082-247267 343087-343302 91597-91822 293251-293421 279586-279726 315590-315717 428679-428858 379529-379679 233885-234120 104511-104665 302198-302402 413595-413744;
	charset Subset321 = 93181-93251 193756-193848 270002-270062 216154-216243 417539-417588 176928-177064 127896-128026;
	charset Subset322 = 93252-93439 326311-326493 200016-200164 423204-423511 452936-453106;
	charset Subset323 = 448321-448683 179111-179305 431224-431390 94232-94415 137798-137953 212343-212541;
	charset Subset324 = 217467-217551 318521-318578 460491-460540 116972-117021 95307-95356 104666-104725;
	charset Subset325 = 435569-435734 459139-459343 135646-135701 95428-95594;
	charset Subset326 = 429594-429904 95721-96031 386059-386254 166891-167063 294668-294874 186020-186274;
	charset Subset327 = 380291-380358 96113-96162 349135-349360 418508-418595 169568-169636 306967-307016 187328-187426 254694-254832 134715-134785 347660-347725;
	charset Subset328 = 97818-98055;
	charset Subset329 = 98847-98915 404561-404710;
	charset Subset330 = 240230-240402 99394-99526 244652-244903 185582-185788 334850-334981 461009-461159 123386-123572;
	charset Subset331 = 148053-148103 99669-99718 201722-201789 393913-394005 228174-228225 249128-249183 174915-175054 270963-271038 274099-274190 215765-215834 212542-212607 444788-444840;
	charset Subset332 = 207726-207826 454815-454869 108887-108937 99862-99937 254360-254412;
	charset Subset333 = 99938-100159 185959-186019 292992-293184 116597-116682 413310-413410 428152-428276 289538-289970 113479-113736;
	charset Subset334 = 331054-331199 101114-101267 323057-323232;
	charset Subset335 = 453325-453394 455934-455992 101369-101442;
	charset Subset336 = 131586-131845 101443-101716 198199-198376 218576-218719 102093-102605 189791-189955 148104-148458 137136-137387 373110-373311 405519-405673;
	charset Subset337 = 101717-101819 294036-294358 219910-219974 391645-391917 402099-402337;
	charset Subset338 = 101949-102016 390933-391109 120503-120553 157815-157886;
	charset Subset339 = 199048-199129 389598-389664 102663-102727;
	charset Subset340 = 196820-197165 310223-310492 102728-102856;
	charset Subset341 = 403538-403596 253826-254043 326494-326551 105296-105381 324980-325045 360760-360809;
	charset Subset342 = 171910-172074 311333-311532 432471-432660 355002-355197 292053-292140 106815-107074 264800-265013 259563-259924 175757-175944;
	charset Subset343 = 193934-193983 107908-107997 241970-242175 442574-442660 364056-364244 215233-215420 266774-266949 372870-372995 374381-374520 313410-313552 423581-423745 153512-153793;
	charset Subset344 = 220912-221177 454099-454429 315984-316303 108131-108350 415432-415593 345954-346092 417302-417538 445749-445921;
	charset Subset345 = 406985-407095 215421-215470 372996-373045 297300-297349 110693-110775 408097-408171 323882-324062 138572-138621 438173-438318 212293-212342 216577-216630 375216-375647;
	charset Subset346 = 459510-459731 374316-374380 270286-270377 212608-212734 274045-274098 310550-310637 111112-111162 116683-116971 340628-340758 371038-371092 232985-233145 139273-139409;
	charset Subset347 = 325874-326123 290823-291057 354709-354894 295840-296073 382733-383169 113918-114155 330432-330529 114811-115102 139564-139882 407628-407741 188198-188637 257263-257404 426488-426669 246698-247008 283226-283413 237784-238164;
	charset Subset348 = 117765-117815;
	charset Subset349 = 450742-450909 436742-436794 175538-175625 121095-121216 292141-292279 460959-461008 133497-133550 429131-429536 430245-430294;
	charset Subset350 = 121533-121665 273447-273496 361685-361734 239380-239429;
	charset Subset351 = 124333-124390;
	charset Subset352 = 131019-131248 125853-125960 241600-241912 160438-160501 426720-426939;
	charset Subset353 = 127112-127260 374521-374570 361252-361403;
	charset Subset354 = 253514-253590 128783-128865;
	charset Subset355 = 366307-366632 420393-420447 391182-391279 291058-291159 168474-168636 179817-179866 339647-339696 188088-188140 130037-130091 174399-174448;
	charset Subset356 = 131959-132151 392717-392951 289475-289537 209025-209189 443134-443343 441269-441327 328863-329127;
	charset Subset357 = 135702-135869 380665-380818 141313-141471 372486-372672 411725-411946;
	charset Subset358 = 253250-253313 260026-260081 175995-176123 396631-396701 398928-399055 136532-136608 337779-337830 148459-148593 201206-201286 222881-222964 263676-263890 248672-248762 385993-386058 446955-447085;
	charset Subset359 = 231413-231511 136973-137085 345417-345509;
	charset Subset360 = 258369-258419 238221-238281 256634-256696 237607-237728 139410-139502 390430-390492 178022-178071 412765-412958 249718-249772;
	charset Subset361 = 140331-140552 193478-193634;
	charset Subset362 = 140553-140607;
	charset Subset363 = 255475-255547 143276-143337;
	charset Subset364 = 143598-143659 152694-152743;
	charset Subset365 = 251263-251371 455243-455308 451939-452176 145007-145058 383960-384041 310080-310222 464133-464182 382559-382625;
	charset Subset366 = 245816-245865 145109-145158;
	charset Subset367 = 147265-147416 166412-166461 364717-364766 296124-296189 445922-446173;
	charset Subset368 = 245743-245815 300789-300847 157070-157157 149244-149327 445092-445160 318194-318243 448684-448781 237298-237366 249773-249826 416473-416542;
	charset Subset369 = 244602-244651 444399-444529 296074-296123 158327-158424 440714-440769 453730-453779 150137-150186 182099-182223 346093-346143 343372-343446;
	charset Subset370 = 416322-416472 201845-201963 362265-362398 152239-152348 287423-287651;
	charset Subset371 = 232056-232320 206678-206886 204412-204756 185306-185530 152847-153323 369436-369569 236386-236646;
	charset Subset372 = 153856-153905 320566-320634 250395-250452 179867-179940 165179-165234;
	charset Subset373 = 251920-251975 155467-155519 331829-331878 263104-263153 188141-188197;
	charset Subset374 = 439292-439343 235482-235531 155888-155946 208656-208716 438871-438941 382626-382732 319263-319321 230228-230285;
	charset Subset375 = 308541-308725 280781-281151 157887-157992 258143-258368 265124-265345 270378-270661;
	charset Subset376 = 159548-159631 200165-200217 242280-242333 446610-446659 244904-244956;
	charset Subset377 = 159980-160051 409518-409567 290677-290772;
	charset Subset378 = 160052-160153 277871-277920 269927-270001;
	charset Subset379 = 256255-256327 161645-161739;
	charset Subset380 = 464496-464554 164656-164729;
	charset Subset381 = 169468-169517;
	charset Subset382 = 170374-170446;
	charset Subset383 = 171287-171338;
	charset Subset384 = 232525-232728 171501-171785 216631-216801 295635-295707 400540-400656 295103-295469;
	charset Subset385 = 333392-333564 335785-335884 460288-460490 172223-172332 376747-376847;
	charset Subset386 = 420817-420894 337831-337897 321049-321139 359389-359499 252703-252768 357440-357540 173689-173762;
	charset Subset387 = 175182-175282 258595-258647 263540-263675 233784-233833;
	charset Subset388 = 218802-218852 233834-233884 176643-176702;
	charset Subset389 = 177160-177209 329515-329589;
	charset Subset390 = 420335-420392 379680-379729 310829-310883 452624-452849 350166-350254 458913-458988 245240-245304 177668-177752 447974-448023 348408-348458;
	charset Subset391 = 266043-266096 186275-186327 394419-394468 230999-231049;
	charset Subset392 = 188740-188820;
	charset Subset393 = 319322-319870 432064-432309 349361-349620 458092-458269 349824-350165 192434-192504 188821-189188;
	charset Subset394 = 267747-267886 189611-189670;
	charset Subset395 = 190081-190130 246438-246503;
	charset Subset396 = 192672-192724;
	charset Subset397 = 194965-195015;
	charset Subset398 = 393475-393531 464863-464941 402516-402609 250043-250095 301305-301355 309708-309762 196770-196819;
	charset Subset399 = 360409-360622 261175-261224 256514-256633 247268-247357 197327-197453;
	charset Subset400 = 198708-198759;
	charset Subset401 = 198760-198859;
	charset Subset402 = 238431-238496 289332-289424 204027-204080 348459-348540;
	charset Subset403 = 204361-204411;
	charset Subset404 = 205179-205390 405140-405203;
	charset Subset405 = 205638-205693;
	charset Subset406 = 209743-209907;
	charset Subset407 = 210841-211002;
	charset Subset408 = 214201-214331 313912-313995 446174-446227;
	charset Subset409 = 214728-214782;
	charset Subset410 = 242967-243383 425000-425117 441933-442171 220388-220605 219975-220273 269177-269524 340521-340577;
	charset Subset411 = 222831-222880;
	charset Subset412 = 223431-223542 311276-311332;
	charset Subset413 = 223736-223791 250817-250871 450687-450741;
	charset Subset414 = 224855-224944;
	charset Subset415 = 234250-234323;
	charset Subset416 = 237729-237783 252650-252702 425844-425982;
	charset Subset417 = 238835-238884;
	charset Subset418 = 243597-243708;
	charset Subset419 = 244543-244601 450394-450501;
	charset Subset420 = 434126-434205 435378-435443 249184-249262 297414-297463;
	charset Subset421 = 269525-269574 259040-259105;
	charset Subset422 = 271266-271332;
	charset Subset423 = 273173-273232;
	charset Subset424 = 277768-277817 335363-335422 436944-436993;
	charset Subset425 = 280343-280421;
	charset Subset426 = 287652-287776;
	charset Subset427 = 290341-290488;
	charset Subset428 = 294875-294940 352157-352226 411152-411201;
	charset Subset429 = 298688-298738;
	charset Subset430 = 300398-300455;
	charset Subset431 = 316618-316673;
	charset Subset432 = 317673-317801;
	charset Subset433 = 326602-326663;
	charset Subset434 = 332682-332806 367363-367414;
	charset Subset435 = 332807-332976 338509-338668 419892-419944;
	charset Subset436 = 335423-335484;
	charset Subset437 = 336373-336508;
	charset Subset438 = 339988-340282;
	charset Subset439 = 372242-372351 422666-422719 354559-354620;
	charset Subset440 = 356163-356214;
	charset Subset441 = 372673-372819;
	charset Subset442 = 373766-373815;
	charset Subset443 = 391510-391559;
	charset Subset444 = 392346-392395;
	charset Subset445 = 449196-449258 394912-394975;
	charset Subset446 = 404062-404167;
	charset Subset447 = 411395-411447;
	charset Subset448 = 448832-448884 415208-415290;
	charset Subset449 = 429537-429593;
	charset Subset450 = 430744-430819;
	charset Subset451 = 448782-448831;
	charset Subset452 = 452177-452226;
	charpartition PartitionFinder = GTR+G:Subset1, GTR+G:Subset2, GTR+G:Subset3, GTR+G:Subset4, GTR+G:Subset5, GTR+G:Subset6, GTR+G:Subset7, GTR+G:Subset8, GTR+G:Subset9, GTR+G:Subset10, GTR+G:Subset11, GTR+G:Subset12, GTR+G:Subset13, GTR+G:Subset14, GTR+G:Subset15, GTR+G:Subset16, GTR+G:Subset17, GTR+G:Subset18, GTR+G:Subset19, GTR+G:Subset20, GTR+G:Subset21, GTR+G:Subset22, GTR+G:Subset23, GTR+G:Subset24, GTR+G:Subset25, GTR+G:Subset26, GTR+G:Subset27, GTR+G:Subset28, GTR+G:Subset29, GTR+G:Subset30, GTR+G:Subset31, GTR+G:Subset32, GTR+G:Subset33, GTR+G:Subset34, GTR+G:Subset35, GTR+G:Subset36, GTR+G:Subset37, GTR+G:Subset38, GTR+G:Subset39, GTR+G:Subset40, GTR+G:Subset41, GTR+G:Subset42, GTR+G:Subset43, GTR+G:Subset44, GTR+G:Subset45, GTR+G:Subset46, GTR+G:Subset47, GTR+G:Subset48, GTR+G:Subset49, GTR+G:Subset50, GTR+G:Subset51, GTR+G:Subset52, GTR+G:Subset53, GTR+G:Subset54, GTR+G:Subset55, GTR+G:Subset56, GTR+G:Subset57, GTR+G:Subset58, GTR+G:Subset59, GTR+G:Subset60, GTR+G:Subset61, GTR+G:Subset62, GTR+G:Subset63, GTR+G:Subset64, GTR+G:Subset65, GTR+G:Subset66, GTR+G:Subset67, GTR+G:Subset68, GTR+G:Subset69, GTR+G:Subset70, GTR+G:Subset71, GTR+G:Subset72, GTR+G:Subset73, GTR+G:Subset74, GTR+G:Subset75, GTR+G:Subset76, GTR+G:Subset77, GTR+G:Subset78, GTR+G:Subset79, GTR+G:Subset80, GTR+G:Subset81, GTR+G:Subset82, GTR+G:Subset83, GTR+G:Subset84, GTR+G:Subset85, GTR+G:Subset86, GTR+G:Subset87, GTR+G:Subset88, GTR+G:Subset89, GTR+G:Subset90, GTR+G:Subset91, GTR+G:Subset92, GTR+G:Subset93, GTR+G:Subset94, GTR+G:Subset95, GTR+G:Subset96, GTR+G:Subset97, GTR+G:Subset98, GTR+G:Subset99, GTR+G:Subset100, GTR+G:Subset101, GTR+G:Subset102, GTR+G:Subset103, GTR+G:Subset104, GTR+G:Subset105, GTR+G:Subset106, GTR+G:Subset107, GTR+G:Subset108, GTR+G:Subset109, GTR+G:Subset110, GTR+G:Subset111, GTR+G:Subset112, GTR+G:Subset113, GTR+G:Subset114, GTR+G:Subset115, GTR+G:Subset116, GTR+G:Subset117, GTR+G:Subset118, GTR+G:Subset119, GTR+G:Subset120, GTR+G:Subset121, GTR+G:Subset122, GTR+G:Subset123, GTR+G:Subset124, GTR+G:Subset125, GTR+G:Subset126, GTR+G:Subset127, GTR+G:Subset128, GTR+G:Subset129, GTR+G:Subset130, GTR+G:Subset131, GTR+G:Subset132, GTR+G:Subset133, GTR+G:Subset134, GTR+G:Subset135, GTR+G:Subset136, GTR+G:Subset137, GTR+G:Subset138, GTR+G:Subset139, GTR+G:Subset140, GTR+G:Subset141, GTR+G:Subset142, GTR+G:Subset143, GTR+G:Subset144, GTR+G:Subset145, GTR+G:Subset146, GTR+G:Subset147, GTR+G:Subset148, GTR+G:Subset149, GTR+G:Subset150, GTR+G:Subset151, GTR+G:Subset152, GTR+G:Subset153, GTR+G:Subset154, GTR+G:Subset155, GTR+G:Subset156, GTR+G:Subset157, GTR+G:Subset158, GTR+G:Subset159, GTR+G:Subset160, GTR+G:Subset161, GTR+G:Subset162, GTR+G:Subset163, GTR+G:Subset164, GTR+G:Subset165, GTR+G:Subset166, GTR+G:Subset167, GTR+G:Subset168, GTR+G:Subset169, GTR+G:Subset170, GTR+G:Subset171, GTR+G:Subset172, GTR+G:Subset173, GTR+G:Subset174, GTR+G:Subset175, GTR+G:Subset176, GTR+G:Subset177, GTR+G:Subset178, GTR+G:Subset179, GTR+G:Subset180, GTR+G:Subset181, GTR+G:Subset182, GTR+G:Subset183, GTR+G:Subset184, GTR+G:Subset185, GTR+G:Subset186, GTR+G:Subset187, GTR+G:Subset188, GTR+G:Subset189, GTR+G:Subset190, GTR+G:Subset191, GTR+G:Subset192, GTR+G:Subset193, GTR+G:Subset194, GTR+G:Subset195, GTR+G:Subset196, GTR+G:Subset197, GTR+G:Subset198, GTR+G:Subset199, GTR+G:Subset200, GTR+G:Subset201, GTR+G:Subset202, GTR+G:Subset203, GTR+G:Subset204, GTR+G:Subset205, GTR+G:Subset206, GTR+G:Subset207, GTR+G:Subset208, GTR+G:Subset209, GTR+G:Subset210, GTR+G:Subset211, GTR+G:Subset212, GTR+G:Subset213, GTR+G:Subset214, GTR+G:Subset215, GTR+G:Subset216, GTR+G:Subset217, GTR+G:Subset218, GTR+G:Subset219, GTR+G:Subset220, GTR+G:Subset221, GTR+G:Subset222, GTR+G:Subset223, GTR+G:Subset224, GTR+G:Subset225, GTR+G:Subset226, GTR+G:Subset227, GTR+G:Subset228, GTR+G:Subset229, GTR+G:Subset230, GTR+G:Subset231, GTR+G:Subset232, GTR+G:Subset233, GTR+G:Subset234, GTR+G:Subset235, GTR+G:Subset236, GTR+G:Subset237, GTR+G:Subset238, GTR+G:Subset239, GTR+G:Subset240, GTR+G:Subset241, GTR+G:Subset242, GTR+G:Subset243, GTR+G:Subset244, GTR+G:Subset245, GTR+G:Subset246, GTR+G:Subset247, GTR+G:Subset248, GTR+G:Subset249, GTR+G:Subset250, GTR+G:Subset251, GTR+G:Subset252, GTR+G:Subset253, GTR+G:Subset254, GTR+G:Subset255, GTR+G:Subset256, GTR+G:Subset257, GTR+G:Subset258, GTR+G:Subset259, GTR+G:Subset260, GTR+G:Subset261, GTR+G:Subset262, GTR+G:Subset263, GTR+G:Subset264, GTR+G:Subset265, GTR+G:Subset266, GTR+G:Subset267, GTR+G:Subset268, GTR+G:Subset269, GTR+G:Subset270, GTR+G:Subset271, GTR+G:Subset272, GTR+G:Subset273, GTR+G:Subset274, GTR+G:Subset275, GTR+G:Subset276, GTR+G:Subset277, GTR+G:Subset278, GTR+G:Subset279, GTR+G:Subset280, GTR+G:Subset281, GTR+G:Subset282, GTR+G:Subset283, GTR+G:Subset284, GTR+G:Subset285, GTR+G:Subset286, GTR+G:Subset287, GTR+G:Subset288, GTR+G:Subset289, GTR+G:Subset290, GTR+G:Subset291, GTR+G:Subset292, GTR+G:Subset293, GTR+G:Subset294, GTR+G:Subset295, GTR+G:Subset296, GTR+G:Subset297, GTR+G:Subset298, GTR+G:Subset299, GTR+G:Subset300, GTR+G:Subset301, GTR+G:Subset302, GTR+G:Subset303, GTR+G:Subset304, GTR+G:Subset305, GTR+G:Subset306, GTR+G:Subset307, GTR+G:Subset308, GTR+G:Subset309, GTR+G:Subset310, GTR+G:Subset311, GTR+G:Subset312, GTR+G:Subset313, GTR+G:Subset314, GTR+G:Subset315, GTR+G:Subset316, GTR+G:Subset317, GTR+G:Subset318, GTR+G:Subset319, GTR+G:Subset320, GTR+G:Subset321, GTR+G:Subset322, GTR+G:Subset323, GTR+G:Subset324, GTR+G:Subset325, GTR+G:Subset326, GTR+G:Subset327, GTR+G:Subset328, GTR+G:Subset329, GTR+G:Subset330, GTR+G:Subset331, GTR+G:Subset332, GTR+G:Subset333, GTR+G:Subset334, GTR+G:Subset335, GTR+G:Subset336, GTR+G:Subset337, GTR+G:Subset338, GTR+G:Subset339, GTR+G:Subset340, GTR+G:Subset341, GTR+G:Subset342, GTR+G:Subset343, GTR+G:Subset344, GTR+G:Subset345, GTR+G:Subset346, GTR+G:Subset347, GTR+G:Subset348, GTR+G:Subset349, GTR+G:Subset350, GTR+G:Subset351, GTR+G:Subset352, GTR+G:Subset353, GTR+G:Subset354, GTR+G:Subset355, GTR+G:Subset356, GTR+G:Subset357, GTR+G:Subset358, GTR+G:Subset359, GTR+G:Subset360, GTR+G:Subset361, GTR+G:Subset362, GTR+G:Subset363, GTR+G:Subset364, GTR+G:Subset365, GTR+G:Subset366, GTR+G:Subset367, GTR+G:Subset368, GTR+G:Subset369, GTR+G:Subset370, GTR+G:Subset371, GTR+G:Subset372, GTR+G:Subset373, GTR+G:Subset374, GTR+G:Subset375, GTR+G:Subset376, GTR+G:Subset377, GTR+G:Subset378, GTR+G:Subset379, GTR+G:Subset380, GTR+G:Subset381, GTR+G:Subset382, GTR+G:Subset383, GTR+G:Subset384, GTR+G:Subset385, GTR+G:Subset386, GTR+G:Subset387, GTR+G:Subset388, GTR+G:Subset389, GTR+G:Subset390, GTR+G:Subset391, GTR+G:Subset392, GTR+G:Subset393, GTR+G:Subset394, GTR+G:Subset395, GTR+G:Subset396, GTR+G:Subset397, GTR+G:Subset398, GTR+G:Subset399, GTR+G:Subset400, GTR+G:Subset401, GTR+G:Subset402, GTR+G:Subset403, GTR+G:Subset404, GTR+G:Subset405, GTR+G:Subset406, GTR+G:Subset407, GTR+G:Subset408, GTR+G:Subset409, GTR+G:Subset410, GTR+G:Subset411, GTR+G:Subset412, GTR+G:Subset413, GTR+G:Subset414, GTR+G:Subset415, GTR+G:Subset416, GTR+G:Subset417, GTR+G:Subset418, GTR+G:Subset419, GTR+G:Subset420, GTR+G:Subset421, GTR+G:Subset422, GTR+G:Subset423, GTR+G:Subset424, GTR+G:Subset425, GTR+G:Subset426, GTR+G:Subset427, GTR+G:Subset428, GTR+G:Subset429, GTR+G:Subset430, GTR+G:Subset431, GTR+G:Subset432, GTR+G:Subset433, GTR+G:Subset434, GTR+G:Subset435, GTR+G:Subset436, GTR+G:Subset437, GTR+G:Subset438, GTR+G:Subset439, GTR+G:Subset440, GTR+G:Subset441, GTR+G:Subset442, GTR+G:Subset443, GTR+G:Subset444, GTR+G:Subset445, GTR+G:Subset446, GTR+G:Subset447, GTR+G:Subset448, GTR+G:Subset449, GTR+G:Subset450, GTR+G:Subset451, GTR+G:Subset452;
end;
ERROR: Tree file does not start with an opening-bracket '(' (line 1 column 1)
